
> vibe-generated-app@1.0.0 dev
> vite


  VITE v5.4.20  ready in 238 ms

  ➜  Local:   http://localhost:3000/
  ➜  Network: http://172.20.15.170:3000/
2:43:02 AM [vite] Pre-transform error: Transform failed with 1 error:
/home/workspace/src/components/AdminPanel.jsx:56:20: ERROR: Expected "{" but found "["
2:43:04 AM [vite] Internal server error: Transform failed with 1 error:
/home/workspace/src/components/AdminPanel.jsx:56:20: ERROR: Expected "{" but found "["
  Plugin: vite:esbuild
  File: /home/workspace/src/components/AdminPanel.jsx:56:20
  
  Expected "{" but found "["
  54 |              description="Add or edit colleges, workshops, and achievements"
  55 |              icon={Calendar}
  56 |              actions=[
     |                      ^
  57 |                { label: 'Add Node', icon: <Plus size={16} />, onClick: () => alert('Mock: Add Node') },
  58 |                { label: 'Edit Node', icon: <Edit3 size={16} />, onClick: () => alert('Mock: Edit Node') },
  
      at failureErrorWithLog (/home/workspace/node_modules/esbuild/lib/main.js:1472:15)
      at /home/workspace/node_modules/esbuild/lib/main.js:755:50
      at responseCallbacks.<computed> (/home/workspace/node_modules/esbuild/lib/main.js:622:9)
      at handleIncomingPacket (/home/workspace/node_modules/esbuild/lib/main.js:677:12)
      at Socket.readFromStdout (/home/workspace/node_modules/esbuild/lib/main.js:600:7)
      at Socket.emit (node:events:508:28)
      at addChunk (node:internal/streams/readable:559:12)
      at readableAddChunkPushByteMode (node:internal/streams/readable:510:3)
      at Readable.push (node:internal/streams/readable:390:5)
      at Pipe.onStreamRead (node:internal/stream_base_commons:189:23)
2:43:09 AM [vite] Internal server error: Transform failed with 1 error:
/home/workspace/src/components/AdminPanel.jsx:56:20: ERROR: Expected "{" but found "["
  Plugin: vite:esbuild
  File: /home/workspace/src/components/AdminPanel.jsx:56:20
  
  Expected "{" but found "["
  54 |              description="Add or edit colleges, workshops, and achievements"
  55 |              icon={Calendar}
  56 |              actions=[
     |                      ^
  57 |                { label: 'Add Node', icon: <Plus size={16} />, onClick: () => alert('Mock: Add Node') },
  58 |                { label: 'Edit Node', icon: <Edit3 size={16} />, onClick: () => alert('Mock: Edit Node') },
  
      at failureErrorWithLog (/home/workspace/node_modules/esbuild/lib/main.js:1472:15)
      at /home/workspace/node_modules/esbuild/lib/main.js:755:50
      at responseCallbacks.<computed> (/home/workspace/node_modules/esbuild/lib/main.js:622:9)
      at handleIncomingPacket (/home/workspace/node_modules/esbuild/lib/main.js:677:12)
      at Socket.readFromStdout (/home/workspace/node_modules/esbuild/lib/main.js:600:7)
      at Socket.emit (node:events:508:28)
      at addChunk (node:internal/streams/readable:559:12)
      at readableAddChunkPushByteMode (node:internal/streams/readable:510:3)
      at Readable.push (node:internal/streams/readable:390:5)
      at Pipe.onStreamRead (node:internal/stream_base_commons:189:23)
